[2026-01-05T17:04:36.899Z] Vendor: 6952230e25b9a947bdbc19a1
[2026-01-05T17:04:36.901Z] Found 21 products
[2026-01-05T17:04:36.959Z] Found 7 orders in DB
[2026-01-05T17:04:36.961Z] Final: Orders=7, Total=11429.099999999999, Pending=8161.2
[2026-01-05T17:04:37.109Z] Vendor: 6952230e25b9a947bdbc19a1
[2026-01-05T17:04:37.110Z] Found 21 products
[2026-01-05T17:04:37.159Z] Found 7 orders in DB
[2026-01-05T17:04:37.161Z] Final: Orders=7, Total=11429.099999999999, Pending=8161.2
[2026-01-05T17:05:24.444Z] Vendor: 6952230e25b9a947bdbc19a1
[2026-01-05T17:05:24.445Z] Found 21 products
[2026-01-05T17:05:24.495Z] Found 7 orders in DB
[2026-01-05T17:05:24.496Z] Final: Orders=7, Total=11429.099999999999, Pending=8161.2
[2026-01-05T17:05:47.084Z] Vendor: 6952230e25b9a947bdbc19a1
[2026-01-05T17:05:47.085Z] Found 21 products
[2026-01-05T17:05:47.136Z] Found 7 orders in DB
[2026-01-05T17:05:47.136Z] Final: Orders=7, Total=11429.099999999999, Pending=8161.2
[2026-01-05T17:05:47.309Z] Vendor: 6952230e25b9a947bdbc19a1
[2026-01-05T17:05:47.310Z] Found 21 products
[2026-01-05T17:05:47.376Z] Found 7 orders in DB
[2026-01-05T17:05:47.377Z] Final: Orders=7, Total=11429.099999999999, Pending=8161.2
[2026-01-05T17:05:53.945Z] Vendor: 6952230e25b9a947bdbc19a1
[2026-01-05T17:05:53.947Z] Found 21 products
[2026-01-05T17:05:53.999Z] Found 7 orders in DB
[2026-01-05T17:05:54.000Z] Final: Orders=7, Total=11429.099999999999, Pending=8161.2
[2026-01-05T17:05:54.140Z] Vendor: 6952230e25b9a947bdbc19a1
[2026-01-05T17:05:54.141Z] Found 21 products
[2026-01-05T17:05:54.196Z] Found 7 orders in DB
[2026-01-05T17:05:54.197Z] Final: Orders=7, Total=11429.099999999999, Pending=8161.2
[2026-01-05T17:06:43.517Z] Vendor: 6952230e25b9a947bdbc19a1
[2026-01-05T17:06:43.518Z] Found 21 products
[2026-01-05T17:06:43.561Z] Found 7 orders in DB
[2026-01-05T17:06:43.561Z] Final: Orders=7, Total=11429.099999999999, Pending=8161.2
[2026-01-05T17:06:45.442Z] Vendor: 6952230e25b9a947bdbc19a1
[2026-01-05T17:06:45.442Z] Found 21 products
[2026-01-05T17:06:45.486Z] Found 7 orders in DB
[2026-01-05T17:06:45.487Z] Final: Orders=7, Total=11429.099999999999, Pending=8161.2
[2026-01-05T17:07:10.334Z] Vendor: 6952230e25b9a947bdbc19a1
[2026-01-05T17:07:10.336Z] Found 21 products
[2026-01-05T17:07:10.386Z] Found 7 orders in DB
[2026-01-05T17:07:10.386Z] Final: Orders=7, Total=11429.099999999999, Pending=8161.2
[2026-01-05T17:07:10.540Z] Vendor: 6952230e25b9a947bdbc19a1
[2026-01-05T17:07:10.540Z] Found 21 products
[2026-01-05T17:07:10.604Z] Found 7 orders in DB
[2026-01-05T17:07:10.606Z] Final: Orders=7, Total=11429.099999999999, Pending=8161.2
[2026-01-05T17:08:10.422Z] Vendor: 6952230e25b9a947bdbc19a1
[2026-01-05T17:08:10.422Z] Found 21 products
[2026-01-05T17:08:10.485Z] Found 7 orders in DB
[2026-01-05T17:08:10.486Z] Final: Orders=7, Total=11429.099999999999, Pending=8161.2
[2026-01-05T17:08:24.410Z] Vendor: 6952230e25b9a947bdbc19a1
[2026-01-05T17:08:24.411Z] Found 21 products
[2026-01-05T17:08:24.459Z] Found 7 orders in DB
[2026-01-05T17:08:24.460Z] Final: Orders=7, Total=11429.099999999999, Pending=8161.2
[2026-01-05T17:08:43.413Z] Vendor: 6952230e25b9a947bdbc19a1
[2026-01-05T17:08:43.415Z] Found 21 products
[2026-01-05T17:08:43.460Z] Found 7 orders in DB
[2026-01-05T17:08:43.460Z] Final: Orders=7, Total=11429.099999999999, Pending=8161.2
[2026-01-05T17:09:42.697Z] Vendor: 6952230e25b9a947bdbc19a1
[2026-01-05T17:09:42.699Z] Found 21 products
[2026-01-05T17:09:42.747Z] Found 7 orders in DB
[2026-01-05T17:09:42.748Z] Final: Orders=7, Total=11429.099999999999, Pending=8161.2
[2026-01-05T17:09:42.895Z] Vendor: 6952230e25b9a947bdbc19a1
[2026-01-05T17:09:42.897Z] Found 21 products
[2026-01-05T17:09:42.944Z] Found 7 orders in DB
[2026-01-05T17:09:42.945Z] Final: Orders=7, Total=11429.099999999999, Pending=8161.2
[2026-01-05T17:12:41.514Z] Vendor: 6952230e25b9a947bdbc19a1
[2026-01-05T17:12:41.517Z] Found 21 products
[2026-01-05T17:12:41.558Z] Found 7 orders in DB
[2026-01-05T17:12:41.559Z] Final: Orders=7, Total=11429.099999999999, Pending=8161.2
[2026-01-05T17:12:41.717Z] Vendor: 6952230e25b9a947bdbc19a1
[2026-01-05T17:12:41.717Z] Found 21 products
[2026-01-05T17:12:41.768Z] Found 7 orders in DB
[2026-01-05T17:12:41.769Z] Final: Orders=7, Total=11429.099999999999, Pending=8161.2
[2026-01-05T17:18:46.527Z] Vendor: 6952230e25b9a947bdbc19a1
[2026-01-05T17:18:46.528Z] Found 21 products
[2026-01-05T17:18:46.587Z] Found 7 orders in DB
[2026-01-05T17:18:46.588Z] Final: Orders=7, Total=11429.099999999999, Pending=8161.2
[2026-01-05T17:18:46.770Z] Vendor: 6952230e25b9a947bdbc19a1
[2026-01-05T17:18:46.772Z] Found 21 products
[2026-01-05T17:18:46.821Z] Found 7 orders in DB
[2026-01-05T17:18:46.823Z] Final: Orders=7, Total=11429.099999999999, Pending=8161.2
[2026-01-05T17:19:10.524Z] Vendor: 6952230e25b9a947bdbc19a1
[2026-01-05T17:19:10.525Z] Found 21 products
[2026-01-05T17:19:10.575Z] Found 7 orders in DB
[2026-01-05T17:19:10.577Z] Final: Orders=7, Total=11429.099999999999, Pending=8161.2
[2026-01-05T17:19:10.731Z] Vendor: 6952230e25b9a947bdbc19a1
[2026-01-05T17:19:10.732Z] Found 21 products
[2026-01-05T17:19:10.790Z] Found 7 orders in DB
[2026-01-05T17:19:10.791Z] Final: Orders=7, Total=11429.099999999999, Pending=8161.2
[2026-01-05T17:20:42.327Z] Vendor: 6952230e25b9a947bdbc19a1
[2026-01-05T17:20:42.328Z] Found 21 products
[2026-01-05T17:20:42.377Z] Found 7 orders in DB
[2026-01-05T17:20:42.379Z] Final: Orders=7, Total=11429.099999999999, Pending=8161.2
[2026-01-05T17:20:42.529Z] Vendor: 6952230e25b9a947bdbc19a1
[2026-01-05T17:20:42.548Z] Found 21 products
[2026-01-05T17:20:42.611Z] Found 7 orders in DB
[2026-01-05T17:20:42.612Z] Final: Orders=7, Total=11429.099999999999, Pending=8161.2
[2026-01-05T17:20:51.408Z] Vendor: 6952230e25b9a947bdbc19a1
[2026-01-05T17:20:51.409Z] Found 21 products
[2026-01-05T17:20:51.460Z] Found 7 orders in DB
[2026-01-05T17:20:51.460Z] Final: Orders=7, Total=11429.099999999999, Pending=8161.2
[2026-01-05T17:20:51.609Z] Vendor: 6952230e25b9a947bdbc19a1
[2026-01-05T17:20:51.609Z] Found 21 products
[2026-01-05T17:20:51.655Z] Found 7 orders in DB
[2026-01-05T17:20:51.656Z] Final: Orders=7, Total=11429.099999999999, Pending=8161.2
[2026-01-05T17:22:17.461Z] Vendor: 6952230e25b9a947bdbc19a1
[2026-01-05T17:22:17.462Z] Found 21 products
[2026-01-05T17:22:17.515Z] Found 7 orders in DB
[2026-01-05T17:22:17.516Z] Final: Orders=7, Total=11429.099999999999, Pending=8161.2
[2026-01-05T17:22:23.451Z] Vendor: 6952230e25b9a947bdbc19a1
[2026-01-05T17:22:23.451Z] Found 21 products
[2026-01-05T17:22:23.496Z] Found 7 orders in DB
[2026-01-05T17:22:23.497Z] Final: Orders=7, Total=11429.099999999999, Pending=8161.2
[2026-01-05T17:22:23.643Z] Vendor: 6952230e25b9a947bdbc19a1
[2026-01-05T17:22:23.644Z] Found 21 products
[2026-01-05T17:22:23.695Z] Found 7 orders in DB
[2026-01-05T17:22:23.698Z] Final: Orders=7, Total=11429.099999999999, Pending=8161.2
[2026-01-05T17:30:39.484Z] Vendor: 6952230e25b9a947bdbc19a1
[2026-01-05T17:30:39.486Z] Found 21 products
[2026-01-05T17:30:39.551Z] Found 7 orders in DB
[2026-01-05T17:30:39.552Z] Final: Orders=7, Total=11429.099999999999, Pending=8161.2
[2026-01-05T18:47:09.919Z] Vendor: 6952230e25b9a947bdbc19a1
[2026-01-05T18:47:09.923Z] Found 21 products
[2026-01-05T18:47:09.987Z] Found 7 orders in DB
[2026-01-05T18:47:09.989Z] Final: Orders=7, Total=11429.099999999999, Pending=8161.2
[2026-01-05T18:47:10.173Z] Vendor: 6952230e25b9a947bdbc19a1
[2026-01-05T18:47:10.174Z] Found 21 products
[2026-01-05T18:47:10.223Z] Found 7 orders in DB
[2026-01-05T18:47:10.225Z] Final: Orders=7, Total=11429.099999999999, Pending=8161.2
[2026-01-05T18:47:24.053Z] Vendor: 6952230e25b9a947bdbc19a1
[2026-01-05T18:47:24.055Z] Found 21 products
[2026-01-05T18:47:24.114Z] Found 7 orders in DB
[2026-01-05T18:47:24.117Z] Final: Orders=7, Total=11429.099999999999, Pending=8161.2
[2026-01-05T18:47:24.422Z] Vendor: 6952230e25b9a947bdbc19a1
[2026-01-05T18:47:24.424Z] Found 21 products
[2026-01-05T18:47:24.465Z] Found 7 orders in DB
[2026-01-05T18:47:24.466Z] Final: Orders=7, Total=11429.099999999999, Pending=8161.2
[2026-01-05T18:49:52.663Z] Vendor: 6952230e25b9a947bdbc19a1
[2026-01-05T18:49:52.666Z] Found 21 products
[2026-01-05T18:49:52.717Z] Found 7 orders in DB
[2026-01-05T18:49:52.718Z] Final: Orders=7, Total=11429.099999999999, Pending=8161.2
[2026-01-05T18:49:52.857Z] Vendor: 6952230e25b9a947bdbc19a1
[2026-01-05T18:49:52.857Z] Found 21 products
[2026-01-05T18:49:52.907Z] Found 7 orders in DB
[2026-01-05T18:49:52.907Z] Final: Orders=7, Total=11429.099999999999, Pending=8161.2
[2026-01-05T18:53:00.574Z] Vendor: 6952230e25b9a947bdbc19a1
[2026-01-05T18:53:00.582Z] Found 21 products
[2026-01-05T18:53:00.654Z] Found 7 orders in DB
[2026-01-05T18:53:00.657Z] Final: Orders=7, Total=11429.099999999999, Pending=8161.2
[2026-01-05T18:53:00.857Z] Vendor: 6952230e25b9a947bdbc19a1
[2026-01-05T18:53:00.858Z] Found 21 products
[2026-01-05T18:53:00.916Z] Found 7 orders in DB
[2026-01-05T18:53:00.918Z] Final: Orders=7, Total=11429.099999999999, Pending=8161.2
[2026-01-05T18:53:11.684Z] Vendor: 6952230e25b9a947bdbc19a1
[2026-01-05T18:53:11.685Z] Found 21 products
[2026-01-05T18:53:11.733Z] Found 7 orders in DB
[2026-01-05T18:53:11.734Z] Final: Orders=7, Total=11429.099999999999, Pending=8161.2
[2026-01-05T18:53:11.872Z] Vendor: 6952230e25b9a947bdbc19a1
[2026-01-05T18:53:11.873Z] Found 21 products
[2026-01-05T18:53:11.919Z] Found 7 orders in DB
[2026-01-05T18:53:11.920Z] Final: Orders=7, Total=11429.099999999999, Pending=8161.2
[2026-01-05T18:55:39.687Z] Vendor: 6952230e25b9a947bdbc19a1
[2026-01-05T18:55:39.690Z] Found 21 products
[2026-01-05T18:55:39.753Z] Found 7 orders in DB
[2026-01-05T18:55:39.755Z] Final: Orders=7, Total=11429.099999999999, Pending=8161.2
[2026-01-05T18:55:39.908Z] Vendor: 6952230e25b9a947bdbc19a1
[2026-01-05T18:55:39.909Z] Found 21 products
[2026-01-05T18:55:39.967Z] Found 7 orders in DB
[2026-01-05T18:55:39.968Z] Final: Orders=7, Total=11429.099999999999, Pending=8161.2
[2026-01-05T19:07:33.823Z] Vendor: 6952230e25b9a947bdbc19a1
[2026-01-05T19:07:33.824Z] Found 21 products
[2026-01-05T19:07:33.867Z] Found 7 orders in DB
[2026-01-05T19:07:33.869Z] Final: Orders=7, Total=11429.099999999999, Pending=8161.2
[2026-01-05T19:07:34.058Z] Vendor: 6952230e25b9a947bdbc19a1
[2026-01-05T19:07:34.059Z] Found 21 products
[2026-01-05T19:07:34.099Z] Found 7 orders in DB
[2026-01-05T19:07:34.101Z] Final: Orders=7, Total=11429.099999999999, Pending=8161.2
[2026-01-05T19:07:49.341Z] Vendor: 6952230e25b9a947bdbc19a1
[2026-01-05T19:07:49.342Z] Found 21 products
[2026-01-05T19:07:49.413Z] Found 7 orders in DB
[2026-01-05T19:07:49.414Z] Final: Orders=7, Total=11429.099999999999, Pending=8161.2
[2026-01-05T19:07:49.595Z] Vendor: 6952230e25b9a947bdbc19a1
[2026-01-05T19:07:49.596Z] Found 21 products
[2026-01-05T19:07:49.647Z] Found 7 orders in DB
[2026-01-05T19:07:49.648Z] Final: Orders=7, Total=11429.099999999999, Pending=8161.2
[2026-01-05T19:13:28.674Z] Vendor: 6952230e25b9a947bdbc19a1
[2026-01-05T19:13:28.677Z] Found 21 products
[2026-01-05T19:13:28.733Z] Found 7 orders in DB
[2026-01-05T19:13:28.735Z] Final: Orders=7, Total=11429.099999999999, Pending=8161.2
[2026-01-05T19:13:28.899Z] Vendor: 6952230e25b9a947bdbc19a1
[2026-01-05T19:13:28.900Z] Found 21 products
[2026-01-05T19:13:28.959Z] Found 7 orders in DB
[2026-01-05T19:13:28.960Z] Final: Orders=7, Total=11429.099999999999, Pending=8161.2
[2026-01-05T19:13:54.294Z] Vendor: 6952230e25b9a947bdbc19a1
[2026-01-05T19:13:54.302Z] Found 21 products
[2026-01-05T19:13:54.360Z] Found 7 orders in DB
[2026-01-05T19:13:54.364Z] Final: Orders=7, Total=11429.099999999999, Pending=8161.2
[2026-01-05T19:13:54.542Z] Vendor: 6952230e25b9a947bdbc19a1
[2026-01-05T19:13:54.543Z] Found 21 products
[2026-01-05T19:13:54.600Z] Found 7 orders in DB
[2026-01-05T19:13:54.602Z] Final: Orders=7, Total=11429.099999999999, Pending=8161.2
[2026-01-05T19:20:28.715Z] Vendor: 6952230e25b9a947bdbc19a1
[2026-01-05T19:20:28.722Z] Found 21 products
[2026-01-05T19:20:28.784Z] Found 7 orders in DB
[2026-01-05T19:20:28.786Z] Final: Orders=7, Total=11429.099999999999, Pending=8161.2
[2026-01-05T19:20:28.963Z] Vendor: 6952230e25b9a947bdbc19a1
[2026-01-05T19:20:28.963Z] Found 21 products
[2026-01-05T19:20:29.022Z] Found 7 orders in DB
[2026-01-05T19:20:29.024Z] Final: Orders=7, Total=11429.099999999999, Pending=8161.2
[2026-01-05T20:50:06.881Z] Vendor: 6952230e25b9a947bdbc19a1
[2026-01-05T20:50:06.887Z] Found 21 products
[2026-01-05T20:50:06.958Z] Found 7 orders in DB
[2026-01-05T20:50:06.959Z] Final: Orders=7, Total=11429.099999999999, Pending=8161.2
[2026-01-05T20:50:07.708Z] Vendor: 6952230e25b9a947bdbc19a1
[2026-01-05T20:50:07.708Z] Found 21 products
[2026-01-05T20:50:07.776Z] Found 7 orders in DB
[2026-01-05T20:50:07.777Z] Final: Orders=7, Total=11429.099999999999, Pending=8161.2
[2026-01-05T20:53:14.774Z] Vendor: 6952230e25b9a947bdbc19a1
[2026-01-05T20:53:14.776Z] Found 21 products
[2026-01-05T20:53:14.837Z] Found 7 orders in DB
[2026-01-05T20:53:14.838Z] Final: Orders=7, Total=11429.099999999999, Pending=8161.2
[2026-01-05T20:53:15.423Z] Vendor: 6952230e25b9a947bdbc19a1
[2026-01-05T20:53:15.424Z] Found 21 products
[2026-01-05T20:53:15.503Z] Found 7 orders in DB
[2026-01-05T20:53:15.505Z] Final: Orders=7, Total=11429.099999999999, Pending=8161.2
[2026-01-05T21:49:53.493Z] Vendor: 6952230e25b9a947bdbc19a1
[2026-01-05T21:49:53.496Z] Found 21 products
[2026-01-05T21:49:53.555Z] Found 7 orders in DB
[2026-01-05T21:49:53.556Z] Final: Orders=7, Total=11429.099999999999, Pending=8161.2
[2026-01-05T21:49:53.739Z] Vendor: 6952230e25b9a947bdbc19a1
[2026-01-05T21:49:53.740Z] Found 21 products
[2026-01-05T21:49:53.791Z] Found 7 orders in DB
[2026-01-05T21:49:53.792Z] Final: Orders=7, Total=11429.099999999999, Pending=8161.2
[2026-01-05T21:57:38.365Z] Vendor: 6952230e25b9a947bdbc19a1
[2026-01-05T21:57:38.368Z] Found 21 products
[2026-01-05T21:57:38.442Z] Found 7 orders in DB
[2026-01-05T21:57:38.443Z] Final: Orders=7, Total=11429.099999999999, Pending=8161.2
[2026-01-05T21:57:38.773Z] Vendor: 6952230e25b9a947bdbc19a1
[2026-01-05T21:57:38.775Z] Found 21 products
[2026-01-05T21:57:38.833Z] Found 7 orders in DB
[2026-01-05T21:57:38.834Z] Final: Orders=7, Total=11429.099999999999, Pending=8161.2
[2026-01-06T05:31:41.714Z] Vendor: 6952230e25b9a947bdbc19a1
[2026-01-06T05:31:41.715Z] Found 21 products
[2026-01-06T05:31:41.751Z] Found 7 orders in DB
[2026-01-06T05:31:41.753Z] Final: Orders=7, Total=11429.099999999999, Pending=8161.2
[2026-01-06T05:31:41.857Z] Vendor: 6952230e25b9a947bdbc19a1
[2026-01-06T05:31:41.859Z] Found 21 products
[2026-01-06T05:31:41.890Z] Found 7 orders in DB
[2026-01-06T05:31:41.891Z] Final: Orders=7, Total=11429.099999999999, Pending=8161.2
[2026-01-06T05:48:48.682Z] Vendor: 6952230e25b9a947bdbc19a1
[2026-01-06T05:48:48.683Z] Found 21 products
[2026-01-06T05:48:48.716Z] Found 7 orders in DB
[2026-01-06T05:48:48.718Z] Final: Orders=7, Total=11429.099999999999, Pending=8161.2
[2026-01-06T05:48:48.855Z] Vendor: 6952230e25b9a947bdbc19a1
[2026-01-06T05:48:48.856Z] Found 21 products
[2026-01-06T05:48:48.906Z] Found 7 orders in DB
[2026-01-06T05:48:48.907Z] Final: Orders=7, Total=11429.099999999999, Pending=8161.2
[2026-01-06T05:57:43.535Z] Vendor: 6952230e25b9a947bdbc19a1
[2026-01-06T05:57:43.536Z] Found 21 products
[2026-01-06T05:57:43.569Z] Found 7 orders in DB
[2026-01-06T05:57:43.570Z] Final: Orders=7, Total=11429.099999999999, Pending=8161.2
[2026-01-06T05:57:43.665Z] Vendor: 6952230e25b9a947bdbc19a1
[2026-01-06T05:57:43.666Z] Found 21 products
[2026-01-06T05:57:43.697Z] Found 7 orders in DB
[2026-01-06T05:57:43.698Z] Final: Orders=7, Total=11429.099999999999, Pending=8161.2
[2026-01-06T07:22:57.556Z] Vendor: 695cb7e84dc321ac59f81a39
[2026-01-06T07:22:57.561Z] Found 0 products
[2026-01-06T07:22:57.561Z] No products found associated with this vendor
[2026-01-06T07:22:57.664Z] Vendor: 695cb7e84dc321ac59f81a39
[2026-01-06T07:22:57.666Z] Found 0 products
[2026-01-06T07:22:57.667Z] No products found associated with this vendor
[2026-01-06T07:29:13.466Z] Vendor: 6952230e25b9a947bdbc19a1
[2026-01-06T07:29:13.467Z] Found 21 products
[2026-01-06T07:29:13.500Z] Found 7 orders in DB
[2026-01-06T07:29:13.502Z] Final: Orders=7, Total=11429.099999999999, Pending=8161.2
[2026-01-06T07:29:13.605Z] Vendor: 6952230e25b9a947bdbc19a1
[2026-01-06T07:29:13.605Z] Found 21 products
[2026-01-06T07:29:13.632Z] Found 7 orders in DB
[2026-01-06T07:29:13.633Z] Final: Orders=7, Total=11429.099999999999, Pending=8161.2
[2026-01-06T07:34:58.712Z] Vendor: 6952230e25b9a947bdbc19a1
[2026-01-06T07:34:58.724Z] Found 21 products
[2026-01-06T07:34:58.766Z] Found 7 orders in DB
[2026-01-06T07:34:58.770Z] Final: Orders=7, Total=11429.099999999999, Pending=8161.2
[2026-01-06T07:34:59.046Z] Vendor: 6952230e25b9a947bdbc19a1
[2026-01-06T07:34:59.049Z] Found 21 products
[2026-01-06T07:34:59.091Z] Found 7 orders in DB
[2026-01-06T07:34:59.094Z] Final: Orders=7, Total=11429.099999999999, Pending=8161.2
[2026-01-06T07:39:24.986Z] Vendor: 6952230e25b9a947bdbc19a1
[2026-01-06T07:39:24.988Z] Found 21 products
[2026-01-06T07:39:25.018Z] Found 7 orders in DB
[2026-01-06T07:39:25.019Z] Final: Orders=7, Total=11429.099999999999, Pending=8161.2
[2026-01-06T07:56:46.224Z] Vendor: 695cbfa6b0ae56e5cfb7db09
[2026-01-06T07:56:46.228Z] Found 0 products
[2026-01-06T07:56:46.229Z] No products found associated with this vendor
[2026-01-06T07:56:46.376Z] Vendor: 695cbfa6b0ae56e5cfb7db09
[2026-01-06T07:56:46.377Z] Found 0 products
[2026-01-06T07:56:46.378Z] No products found associated with this vendor
[2026-01-06T08:40:04.071Z] Vendor: 695cbfa6b0ae56e5cfb7db09
[2026-01-06T08:40:04.079Z] Found 1 products
[2026-01-06T08:40:04.151Z] Found 1 orders in DB
[2026-01-06T08:40:04.152Z] Final: Orders=1, Total=3840, Pending=0
[2026-01-06T08:40:04.429Z] Vendor: 695cbfa6b0ae56e5cfb7db09
[2026-01-06T08:40:04.430Z] Found 1 products
[2026-01-06T08:40:04.522Z] Found 1 orders in DB
[2026-01-06T08:40:04.522Z] Final: Orders=1, Total=3840, Pending=0
[2026-01-06T08:45:32.931Z] Vendor: 695cbfa6b0ae56e5cfb7db09
[2026-01-06T08:45:32.932Z] Found 1 products
[2026-01-06T08:45:33.001Z] Found 1 orders in DB
[2026-01-06T08:45:33.002Z] Final: Orders=1, Total=3840, Pending=0
[2026-01-06T08:45:33.292Z] Vendor: 695cbfa6b0ae56e5cfb7db09
[2026-01-06T08:45:33.293Z] Found 1 products
[2026-01-06T08:45:33.370Z] Found 1 orders in DB
[2026-01-06T08:45:33.371Z] Final: Orders=1, Total=3840, Pending=0
[2026-01-06T11:03:25.238Z] Vendor: 6952230e25b9a947bdbc19a1
[2026-01-06T11:03:25.240Z] Found 21 products
[2026-01-06T11:03:25.323Z] Found 7 orders in DB
[2026-01-06T11:03:25.324Z] Final: Orders=7, Total=11429.099999999999, Pending=8161.2
[2026-01-06T11:03:25.957Z] Vendor: 6952230e25b9a947bdbc19a1
[2026-01-06T11:03:25.958Z] Found 21 products
[2026-01-06T11:03:26.139Z] Found 7 orders in DB
[2026-01-06T11:03:26.140Z] Final: Orders=7, Total=11429.099999999999, Pending=8161.2
[2026-01-06T12:10:31.067Z] Vendor: 695cbfa6b0ae56e5cfb7db09
[2026-01-06T12:10:31.070Z] Found 1 products
[2026-01-06T12:10:31.134Z] Found 1 orders in DB
[2026-01-06T12:10:31.135Z] Final: Orders=1, Total=3840, Pending=0
[2026-01-06T12:10:52.146Z] Vendor: 695cbfa6b0ae56e5cfb7db09
[2026-01-06T12:10:52.147Z] Found 1 products
[2026-01-06T12:10:52.227Z] Found 1 orders in DB
[2026-01-06T12:10:52.227Z] Final: Orders=1, Total=3840, Pending=0
[2026-01-06T12:10:52.512Z] Vendor: 695cbfa6b0ae56e5cfb7db09
[2026-01-06T12:10:52.513Z] Found 1 products
[2026-01-06T12:10:52.614Z] Found 1 orders in DB
[2026-01-06T12:10:52.615Z] Final: Orders=1, Total=3840, Pending=0
[2026-01-06T12:15:31.150Z] Vendor: 695cbfa6b0ae56e5cfb7db09
[2026-01-06T12:15:31.151Z] Found 1 products
[2026-01-06T12:15:31.256Z] Found 1 orders in DB
[2026-01-06T12:15:31.257Z] Final: Orders=1, Total=3840, Pending=0
[2026-01-06T12:15:31.668Z] Vendor: 695cbfa6b0ae56e5cfb7db09
[2026-01-06T12:15:31.669Z] Found 1 products
[2026-01-06T12:15:31.765Z] Found 1 orders in DB
[2026-01-06T12:15:31.769Z] Final: Orders=1, Total=3840, Pending=0
[2026-01-06T12:59:31.760Z] Vendor: 695cbfa6b0ae56e5cfb7db09
[2026-01-06T12:59:31.769Z] Found 1 products
[2026-01-06T12:59:31.854Z] Found 1 orders in DB
[2026-01-06T12:59:31.856Z] Final: Orders=1, Total=3840, Pending=0
[2026-01-06T12:59:32.153Z] Vendor: 695cbfa6b0ae56e5cfb7db09
[2026-01-06T12:59:32.155Z] Found 1 products
[2026-01-06T12:59:32.299Z] Found 1 orders in DB
[2026-01-06T12:59:32.300Z] Final: Orders=1, Total=3840, Pending=0
[2026-01-06T16:27:54.059Z] Vendor: 695cbfa6b0ae56e5cfb7db09
[2026-01-06T16:27:54.069Z] Found 1 products
[2026-01-06T16:27:54.141Z] Found 1 orders in DB
[2026-01-06T16:27:54.142Z] Final: Orders=1, Total=3840, Pending=0
[2026-01-06T16:27:54.451Z] Vendor: 695cbfa6b0ae56e5cfb7db09
[2026-01-06T16:27:54.453Z] Found 1 products
[2026-01-06T16:27:54.508Z] Found 1 orders in DB
[2026-01-06T16:27:54.509Z] Final: Orders=1, Total=3840, Pending=0
[2026-01-06T18:02:37.272Z] Vendor: 695cbfa6b0ae56e5cfb7db09
[2026-01-06T18:02:37.278Z] Found 1 products
[2026-01-06T18:02:37.341Z] Found 1 orders in DB
[2026-01-06T18:02:37.342Z] Final: Orders=1, Total=3840, Pending=0
[2026-01-06T18:02:37.542Z] Vendor: 695cbfa6b0ae56e5cfb7db09
[2026-01-06T18:02:37.543Z] Found 1 products
[2026-01-06T18:02:37.603Z] Found 1 orders in DB
[2026-01-06T18:02:37.604Z] Final: Orders=1, Total=3840, Pending=0
[2026-01-06T17:15:39.872Z] Vendor: 6952230e25b9a947bdbc19a1
[2026-01-06T17:15:39.878Z] Found 21 products
[2026-01-06T17:15:39.939Z] Found 7 orders in DB
[2026-01-06T17:15:39.942Z] Final: Orders=7, Total=11429.099999999999, Pending=8161.2
[2026-01-06T17:15:40.204Z] Vendor: 6952230e25b9a947bdbc19a1
[2026-01-06T17:15:40.205Z] Found 21 products
[2026-01-06T17:15:40.257Z] Found 7 orders in DB
[2026-01-06T17:15:40.259Z] Final: Orders=7, Total=11429.099999999999, Pending=8161.2
[2026-01-13T10:48:51.066Z] Vendor: 695f5547dbe9aabaff451e03
[2026-01-13T10:48:51.078Z] Found 5 products
[2026-01-13T10:48:51.114Z] Found 18 orders in DB
[2026-01-13T10:48:51.116Z] Final: Orders=18, Total=395784, Pending=395064
[2026-01-13T10:48:51.222Z] Vendor: 695f5547dbe9aabaff451e03
[2026-01-13T10:48:51.223Z] Found 5 products
[2026-01-13T10:48:51.259Z] Found 18 orders in DB
[2026-01-13T10:48:51.261Z] Final: Orders=18, Total=395784, Pending=395064
[2026-01-13T10:56:02.396Z] Vendor: 695f5547dbe9aabaff451e03
[2026-01-13T10:56:02.399Z] Found 5 products
[2026-01-13T10:56:02.426Z] Found 18 orders in DB
[2026-01-13T10:56:02.427Z] Final: Orders=18, Total=395784, Pending=395064
[2026-01-13T11:00:38.733Z] Vendor: 695f5547dbe9aabaff451e03
[2026-01-13T11:00:38.737Z] Found 5 products
[2026-01-13T11:00:38.776Z] Found 18 orders in DB
[2026-01-13T11:00:38.777Z] Final: Orders=18, Total=395784, Pending=395064
[2026-01-13T11:00:38.924Z] Vendor: 695f5547dbe9aabaff451e03
[2026-01-13T11:00:38.926Z] Found 5 products
[2026-01-13T11:00:39.020Z] Found 18 orders in DB
[2026-01-13T11:00:39.024Z] Final: Orders=18, Total=395784, Pending=395064
[2026-01-13T11:26:55.741Z] Vendor: 695f5547dbe9aabaff451e03
[2026-01-13T11:26:56.100Z] Found 5 products
[2026-01-13T11:26:59.318Z] Found 19 orders in DB
[2026-01-13T11:26:59.549Z] Final: Orders=19, Total=434974.5, Pending=434254.5
[2026-01-13T11:27:01.665Z] Vendor: 695f5547dbe9aabaff451e03
[2026-01-13T11:27:01.666Z] Found 5 products
[2026-01-13T11:27:02.088Z] Found 19 orders in DB
[2026-01-13T11:27:02.089Z] Final: Orders=19, Total=434974.5, Pending=434254.5
[2026-01-13T13:14:50.170Z] Vendor: 695f5547dbe9aabaff451e03
[2026-01-13T13:14:50.337Z] Found 5 products
[2026-01-13T13:14:50.646Z] Found 32 orders in DB
[2026-01-13T13:14:50.663Z] Final: Orders=32, Total=477274.5, Pending=476554.5
[2026-01-13T13:18:36.786Z] Vendor: 695f5547dbe9aabaff451e03
[2026-01-13T13:18:36.790Z] Found 5 products
[2026-01-13T13:18:36.857Z] Found 32 orders in DB
[2026-01-13T13:18:36.860Z] Final: Orders=32, Total=477274.5, Pending=476554.5
[2026-01-13T13:18:36.963Z] Vendor: 695f5547dbe9aabaff451e03
[2026-01-13T13:18:36.964Z] Found 5 products
[2026-01-13T13:18:37.013Z] Found 32 orders in DB
[2026-01-13T13:18:37.015Z] Final: Orders=32, Total=477274.5, Pending=476554.5
[2026-01-13T13:24:24.773Z] Vendor: 695f5547dbe9aabaff451e03
[2026-01-13T13:24:24.774Z] Found 5 products
[2026-01-13T13:24:24.844Z] Found 32 orders in DB
[2026-01-13T13:24:24.845Z] Final: Orders=32, Total=477274.5, Pending=476554.5
[2026-01-13T13:24:28.527Z] Vendor: 695f5547dbe9aabaff451e03
[2026-01-13T13:24:28.528Z] Found 5 products
[2026-01-13T13:24:28.588Z] Found 32 orders in DB
[2026-01-13T13:24:28.589Z] Final: Orders=32, Total=477274.5, Pending=476554.5
[2026-01-13T13:25:05.457Z] Vendor: 695f5547dbe9aabaff451e03
[2026-01-13T13:25:05.457Z] Found 5 products
[2026-01-13T13:25:05.667Z] Found 32 orders in DB
[2026-01-13T13:25:05.670Z] Final: Orders=32, Total=477274.5, Pending=476554.5
[2026-01-13T13:25:28.560Z] Vendor: 695f5547dbe9aabaff451e03
[2026-01-13T13:25:28.560Z] Found 5 products
[2026-01-13T13:25:28.623Z] Found 32 orders in DB
[2026-01-13T13:25:28.624Z] Final: Orders=32, Total=477274.5, Pending=476554.5
[2026-01-13T13:25:28.983Z] Vendor: 695f5547dbe9aabaff451e03
[2026-01-13T13:25:28.984Z] Found 5 products
[2026-01-13T13:25:29.085Z] Found 32 orders in DB
[2026-01-13T13:25:29.086Z] Final: Orders=32, Total=477274.5, Pending=476554.5
[2026-01-13T13:26:29.166Z] Vendor: 695f5547dbe9aabaff451e03
[2026-01-13T13:26:29.167Z] Found 5 products
[2026-01-13T13:26:29.308Z] Found 32 orders in DB
[2026-01-13T13:26:29.309Z] Final: Orders=32, Total=477274.5, Pending=476554.5
[2026-01-13T13:26:29.456Z] Vendor: 695f5547dbe9aabaff451e03
[2026-01-13T13:26:29.457Z] Found 5 products
[2026-01-13T13:26:29.551Z] Found 32 orders in DB
[2026-01-13T13:26:29.553Z] Final: Orders=32, Total=477274.5, Pending=476554.5
[2026-01-15T12:27:14.875Z] Vendor: 695f5547dbe9aabaff451e03
[2026-01-15T12:27:14.885Z] Found 7 products
[2026-01-15T12:27:14.969Z] Found 36 orders in DB
[2026-01-15T12:27:14.971Z] Final: Orders=36, Total=532134.5, Pending=531434.5
[2026-01-15T12:27:15.308Z] Vendor: 695f5547dbe9aabaff451e03
[2026-01-15T12:27:15.309Z] Found 7 products
[2026-01-15T12:27:15.382Z] Found 36 orders in DB
[2026-01-15T12:27:15.383Z] Final: Orders=36, Total=532134.5, Pending=531434.5
[2026-01-15T12:31:10.470Z] Vendor: 695f5547dbe9aabaff451e03
[2026-01-15T12:31:10.470Z] Found 7 products
[2026-01-15T12:31:10.812Z] Found 36 orders in DB
[2026-01-15T12:31:10.814Z] Final: Orders=36, Total=532134.5, Pending=531434.5, Commission=64770.5
[2026-01-15T12:32:06.036Z] Vendor: 695f5547dbe9aabaff451e03
[2026-01-15T12:32:06.037Z] Found 7 products
[2026-01-15T12:32:06.251Z] Found 36 orders in DB
[2026-01-15T12:32:06.258Z] Final: Orders=36, Total=532134.5, Pending=531434.5, Commission=64770.5
[2026-01-15T12:32:06.388Z] Vendor: 695f5547dbe9aabaff451e03
[2026-01-15T12:32:06.391Z] Found 7 products
[2026-01-15T12:32:06.537Z] Found 36 orders in DB
[2026-01-15T12:32:06.539Z] Final: Orders=36, Total=532134.5, Pending=531434.5, Commission=64770.5
[2026-01-15T12:32:46.960Z] Vendor: 695f5547dbe9aabaff451e03
[2026-01-15T12:32:46.963Z] Found 7 products
[2026-01-15T12:32:47.046Z] Found 36 orders in DB
[2026-01-15T12:32:47.049Z] Final: Orders=36, Total=532134.5, Pending=531434.5, Commission=64770.5
[2026-01-15T12:32:47.172Z] Vendor: 695f5547dbe9aabaff451e03
[2026-01-15T12:32:47.172Z] Found 7 products
[2026-01-15T12:32:47.215Z] Found 36 orders in DB
[2026-01-15T12:32:47.215Z] Final: Orders=36, Total=532134.5, Pending=531434.5, Commission=64770.5
[2026-01-15T12:38:23.454Z] Vendor: 695f5547dbe9aabaff451e03
[2026-01-15T12:38:23.455Z] Found 7 products
[2026-01-15T12:38:23.553Z] Found 36 orders in DB
[2026-01-15T12:38:23.554Z] Final: Orders=36, Total=532134.5, Pending=531434.5, Commission=64770.5
[2026-01-15T12:38:30.334Z] Vendor: 695f5547dbe9aabaff451e03
[2026-01-15T12:38:30.336Z] Found 7 products
[2026-01-15T12:38:30.420Z] Found 36 orders in DB
[2026-01-15T12:38:30.422Z] Final: Orders=36, Total=532134.5, Pending=531434.5, Commission=64770.5
[2026-01-15T12:38:57.412Z] Vendor: 695f5547dbe9aabaff451e03
[2026-01-15T12:38:57.413Z] Found 7 products
[2026-01-15T12:38:57.690Z] Found 36 orders in DB
[2026-01-15T12:38:57.690Z] Final: Orders=36, Total=532134.5, Pending=531434.5, Commission=64770.5
[2026-01-15T12:39:00.653Z] Vendor: 695f5547dbe9aabaff451e03
[2026-01-15T12:39:00.653Z] Found 7 products
[2026-01-15T12:39:00.945Z] Found 36 orders in DB
[2026-01-15T12:39:00.947Z] Final: Orders=36, Total=532134.5, Pending=531434.5, Commission=64770.5
[2026-01-15T12:39:04.060Z] Vendor: 695f5547dbe9aabaff451e03
[2026-01-15T12:39:04.062Z] Found 7 products
[2026-01-15T12:39:04.257Z] Found 36 orders in DB
[2026-01-15T12:39:04.257Z] Final: Orders=36, Total=532134.5, Pending=531434.5, Commission=64770.5
[2026-01-15T12:39:05.474Z] Vendor: 695f5547dbe9aabaff451e03
[2026-01-15T12:39:05.476Z] Found 7 products
[2026-01-15T12:39:05.876Z] Found 36 orders in DB
[2026-01-15T12:39:05.877Z] Final: Orders=36, Total=532134.5, Pending=531434.5, Commission=64770.5
[2026-01-15T12:39:10.505Z] Vendor: 695f5547dbe9aabaff451e03
[2026-01-15T12:39:10.506Z] Found 7 products
[2026-01-15T12:39:10.982Z] Found 36 orders in DB
[2026-01-15T12:39:10.983Z] Final: Orders=36, Total=532134.5, Pending=531434.5, Commission=64770.5
[2026-01-15T12:39:12.578Z] Vendor: 695f5547dbe9aabaff451e03
[2026-01-15T12:39:12.580Z] Found 7 products
[2026-01-15T12:39:12.766Z] Found 36 orders in DB
[2026-01-15T12:39:12.767Z] Final: Orders=36, Total=532134.5, Pending=531434.5, Commission=64770.5
[2026-01-15T12:41:04.625Z] Vendor: 695f5547dbe9aabaff451e03
[2026-01-15T12:41:04.625Z] Found 7 products
[2026-01-15T12:41:04.711Z] Found 36 orders in DB
[2026-01-15T12:41:04.712Z] Final: Orders=36, Total=532134.5, Pending=531434.5, Commission=64770.5
[2026-01-15T12:41:06.149Z] Vendor: 695f5547dbe9aabaff451e03
[2026-01-15T12:41:06.150Z] Found 7 products
[2026-01-15T12:41:06.216Z] Found 36 orders in DB
[2026-01-15T12:41:06.216Z] Final: Orders=36, Total=532134.5, Pending=531434.5, Commission=64770.5
[2026-01-15T12:42:48.267Z] Vendor: 695f5547dbe9aabaff451e03
[2026-01-15T12:42:48.268Z] Found 7 products
[2026-01-15T12:42:48.347Z] Found 36 orders in DB
[2026-01-15T12:42:48.375Z] Final: Orders=36, Total=532134.5, Pending=531434.5, Commission=64770.5
[2026-01-15T12:43:49.725Z] Vendor: 695f5547dbe9aabaff451e03
[2026-01-15T12:43:49.727Z] Found 7 products
[2026-01-15T12:43:49.801Z] Found 36 orders in DB
[2026-01-15T12:43:49.802Z] Final: Orders=36, Total=532134.5, Pending=531434.5, Commission=64770.5
[2026-01-15T12:44:19.303Z] Vendor: 695f5547dbe9aabaff451e03
[2026-01-15T12:44:19.304Z] Found 7 products
[2026-01-15T12:44:19.376Z] Found 36 orders in DB
[2026-01-15T12:44:19.377Z] Final: Orders=36, Total=532134.5, Pending=531434.5, Commission=64770.5
[2026-01-15T12:44:20.167Z] Vendor: 695f5547dbe9aabaff451e03
[2026-01-15T12:44:20.168Z] Found 7 products
[2026-01-15T12:44:20.264Z] Found 36 orders in DB
[2026-01-15T12:44:20.266Z] Final: Orders=36, Total=532134.5, Pending=531434.5, Commission=64770.5
[2026-01-15T12:45:31.371Z] Vendor: 695f5547dbe9aabaff451e03
[2026-01-15T12:45:31.372Z] Found 7 products
[2026-01-15T12:45:31.454Z] Found 36 orders in DB
[2026-01-15T12:45:31.454Z] Final: Orders=36, Total=532134.5, Pending=531434.5, Commission=64770.5
[2026-01-15T12:45:34.175Z] Vendor: 695f5547dbe9aabaff451e03
[2026-01-15T12:45:34.176Z] Found 7 products
[2026-01-15T12:45:34.249Z] Found 36 orders in DB
[2026-01-15T12:45:34.251Z] Final: Orders=36, Total=532134.5, Pending=531434.5, Commission=64770.5
[2026-01-15T12:48:37.295Z] Vendor: 695f5547dbe9aabaff451e03
[2026-01-15T12:48:37.296Z] Found 7 products
[2026-01-15T12:48:37.452Z] Found 36 orders in DB
[2026-01-15T12:48:37.453Z] Final: Orders=36, Total=532134.5, Pending=531434.5, Commission=64770.5
[2026-01-15T12:56:12.015Z] Vendor: 695f5547dbe9aabaff451e03
[2026-01-15T12:56:12.016Z] Found 7 products
[2026-01-15T12:56:12.145Z] Found 36 orders in DB
[2026-01-15T12:56:12.150Z] Final: Orders=36, Total=532134.5, Pending=531434.5, Commission=64770.5
[2026-01-15T12:56:29.887Z] Vendor: 695f5547dbe9aabaff451e03
[2026-01-15T12:56:29.888Z] Found 7 products
[2026-01-15T12:56:29.985Z] Found 36 orders in DB
[2026-01-15T12:56:29.999Z] Final: Orders=36, Total=532134.5, Pending=531434.5, Commission=64770.5
[2026-01-15T12:56:30.196Z] Vendor: 695f5547dbe9aabaff451e03
[2026-01-15T12:56:30.197Z] Found 7 products
[2026-01-15T12:56:30.323Z] Found 36 orders in DB
[2026-01-15T12:56:30.323Z] Final: Orders=36, Total=532134.5, Pending=531434.5, Commission=64770.5
[2026-01-15T12:56:50.600Z] Vendor: 695f5547dbe9aabaff451e03
[2026-01-15T12:56:50.601Z] Found 7 products
[2026-01-15T12:56:50.724Z] Found 36 orders in DB
[2026-01-15T12:56:50.725Z] Final: Orders=36, Total=532134.5, Pending=531434.5, Commission=64770.5
[2026-01-15T12:57:26.364Z] Vendor: 695f5547dbe9aabaff451e03
[2026-01-15T12:57:26.365Z] Found 7 products
[2026-01-15T12:57:26.447Z] Found 36 orders in DB
[2026-01-15T12:57:26.448Z] Final: Orders=36, Total=532134.5, Pending=531434.5, Commission=64770.5
